<?xml version="1.0" encoding="UTF-8"?>
<!-- Generated by org.testng.reporters.JUnitReportReporter -->
<testsuite hostname="DESKTOP-KJQ65RF" failures="0" tests="2" name="com.mystore.testcases.IndexPageTest" time="19.653" errors="0" timestamp="2023-12-01T15:47:19 IST" skipped="0">
  <testcase classname="com.mystore.testcases.IndexPageTest" name="verifyLogo" time="10.415"/>
  <system-out/>
  <testcase classname="com.mystore.testcases.IndexPageTest" name="verifyTitle" time="9.238"/>
  <system-out/>
</testsuite> <!-- com.mystore.testcases.IndexPageTest -->
