<?xml version="1.0" encoding="UTF-8"?>
<!-- Generated by org.testng.reporters.JUnitReportReporter -->
<testsuite hostname="DESKTOP-KJQ65RF" failures="0" tests="1" name="com.mystore.testcases.HomePageTest" time="12.359" errors="0" timestamp="2023-12-01T15:47:19 IST" skipped="0">
  <testcase classname="com.mystore.testcases.HomePageTest" name="wishListTest" time="12.359"/>
  <system-out/>
</testsuite> <!-- com.mystore.testcases.HomePageTest -->
