<?xml version="1.0" encoding="UTF-8"?>
<!-- Generated by org.testng.reporters.JUnitReportReporter -->
<testsuite hostname="DESKTOP-KJQ65RF" failures="0" tests="2" name="com.mystore.testcases.IndexPageTest" time="20.160" errors="0" timestamp="2023-11-29T16:05:27 IST" skipped="0">
  <testcase classname="com.mystore.testcases.IndexPageTest" name="verifyLogo" time="9.718"/>
  <system-out/>
  <testcase classname="com.mystore.testcases.IndexPageTest" name="verifyTitle" time="10.442"/>
  <system-out/>
</testsuite> <!-- com.mystore.testcases.IndexPageTest -->
