<?xml version="1.0" encoding="UTF-8"?>
<!-- Generated by org.testng.reporters.JUnitReportReporter -->
<testsuite hostname="DESKTOP-KJQ65RF" failures="0" tests="1" name="com.mystore.testcases.SearchResultPageTest" time="12.522" errors="0" timestamp="2023-12-10T13:09:36 IST" skipped="0">
  <testcase classname="com.mystore.testcases.SearchResultPageTest" name="productAvailablityTest" time="12.522"/>
  <system-out/>
</testsuite> <!-- com.mystore.testcases.SearchResultPageTest -->
