<?xml version="1.0" encoding="UTF-8"?>
<!-- Generated by org.testng.reporters.JUnitReportReporter -->
<testsuite hostname="DESKTOP-KJQ65RF" failures="0" tests="1" name="com.mystore.testcases.HomePageTest" time="16.291" errors="0" timestamp="2023-11-29T16:05:27 IST" skipped="0">
  <testcase classname="com.mystore.testcases.HomePageTest" name="wishListTest" time="16.291"/>
  <system-out/>
</testsuite> <!-- com.mystore.testcases.HomePageTest -->
