<?xml version="1.0" encoding="UTF-8"?>
<!-- Generated by org.testng.reporters.JUnitReportReporter -->
<testsuite hostname="DESKTOP-KJQ65RF" failures="0" tests="1" name="com.mystore.testcases.LoginPageTest" time="18.363" errors="0" timestamp="2023-12-10T13:09:36 IST" skipped="0">
  <testcase classname="com.mystore.testcases.LoginPageTest" name="loginTest" time="18.363"/>
  <system-out/>
</testsuite> <!-- com.mystore.testcases.LoginPageTest -->
