<?xml version="1.0" encoding="UTF-8"?>
<!-- Generated by org.testng.reporters.JUnitReportReporter -->
<testsuite hostname="DESKTOP-KJQ65RF" failures="0" tests="1" name="com.mystore.testcases.EndToEndTest" time="46.823" errors="0" timestamp="2023-12-10T13:09:36 IST" skipped="0">
  <testcase classname="com.mystore.testcases.EndToEndTest" name="verifyTotalPrice" time="46.823"/>
  <system-out/>
</testsuite> <!-- com.mystore.testcases.EndToEndTest -->
