<?xml version="1.0" encoding="UTF-8"?>
<!-- Generated by org.testng.reporters.JUnitReportReporter -->
<testsuite hostname="DESKTOP-KJQ65RF" failures="0" tests="2" name="com.mystore.testcases.IndexPageTest" time="21.705" errors="0" timestamp="2023-11-29T18:37:25 IST" skipped="0">
  <testcase classname="com.mystore.testcases.IndexPageTest" name="verifyLogo" time="12.029"/>
  <system-out/>
  <testcase classname="com.mystore.testcases.IndexPageTest" name="verifyTitle" time="9.676"/>
  <system-out/>
</testsuite> <!-- com.mystore.testcases.IndexPageTest -->
