<?xml version="1.0" encoding="UTF-8"?>
<!-- Generated by org.testng.reporters.JUnitReportReporter -->
<testsuite hostname="DESKTOP-KJQ65RF" failures="0" tests="1" name="com.mystore.testcases.HomePageTest" time="15.130" errors="0" timestamp="2023-12-01T08:26:08 IST" skipped="0">
  <testcase classname="com.mystore.testcases.HomePageTest" name="wishListTest" time="15.130"/>
  <system-out/>
</testsuite> <!-- com.mystore.testcases.HomePageTest -->
