<?xml version="1.0" encoding="UTF-8"?>
<!-- Generated by org.testng.reporters.JUnitReportReporter -->
<testsuite hostname="DESKTOP-KJQ65RF" failures="0" tests="2" name="com.mystore.testcases.IndexPageTest" time="28.801" errors="0" timestamp="2023-12-01T08:23:43 IST" skipped="0">
  <testcase classname="com.mystore.testcases.IndexPageTest" name="verifyLogo" time="19.917"/>
  <system-out/>
  <testcase classname="com.mystore.testcases.IndexPageTest" name="verifyTitle" time="8.884"/>
  <system-out/>
</testsuite> <!-- com.mystore.testcases.IndexPageTest -->
