<?xml version="1.0" encoding="UTF-8"?>
<!-- Generated by org.testng.reporters.JUnitReportReporter -->
<testsuite hostname="DESKTOP-KJQ65RF" failures="0" tests="1" name="com.mystore.testcases.LoginPageTest" time="18.649" errors="0" timestamp="2023-12-01T10:17:56 IST" skipped="0">
  <testcase classname="com.mystore.testcases.LoginPageTest" name="loginTest4" time="18.649"/>
  <system-out/>
</testsuite> <!-- com.mystore.testcases.LoginPageTest -->
